H:\STANDALONE\BUILD-ALGO\JVXAUNMYALGORITHM\JVXAUNMYALGORITHM_STATIC.DIR\DEBUG\CJVXAUNMYALGORITHM.OBJ
H:\STANDALONE\BUILD-ALGO\JVXAUNMYALGORITHM\JVXAUNMYALGORITHM_STATIC.DIR\DEBUG\CJVXAUDIONODE.OBJ
H:\STANDALONE\BUILD-ALGO\JVXAUNMYALGORITHM\JVXAUNMYALGORITHM_STATIC.DIR\DEBUG\COMPONENTENTRY.OBJ
H:\STANDALONE\BUILD-ALGO\JVXAUNMYALGORITHM\JVXAUNMYALGORITHM_STATIC.DIR\DEBUG\VC110.PDB
H:\STANDALONE\BUILD-ALGO\JVXAUNMYALGORITHM\DEBUG\JVXAUNMYALGORITHM_STATIC.LIB
H:\STANDALONE\BUILD-ALGO\JVXAUNMYALGORITHM\CMAKEFILES\GENERATE.STAMP
H:\STANDALONE\BUILD-ALGO\JVXAUNMYALGORITHM\GENERATED\PCG_CJVXAUDIONODE_PCG.H
H:\STANDALONE\BUILD-ALGO\JVXAUNMYALGORITHM\GENERATED\PCG_EXPORTS_NODE.H
H:\standalone\build-algo\jvxAuNMyAlgorithm\jvxAuNMyAlgorithm_static.dir\Debug\CjvxAudioNode.obj
H:\standalone\build-algo\jvxAuNMyAlgorithm\jvxAuNMyAlgorithm_static.dir\Debug\CjvxAuNMyAlgorithm.obj
H:\standalone\build-algo\jvxAuNMyAlgorithm\jvxAuNMyAlgorithm_static.dir\Debug\componentEntry.obj
H:\standalone\build-algo\jvxAuNMyAlgorithm\jvxAuNMyAlgorithm_static.dir\Debug\custombuild.command.1.tlog
H:\standalone\build-algo\jvxAuNMyAlgorithm\jvxAuNMyAlgorithm_static.dir\Debug\cl.command.1.tlog
H:\standalone\build-algo\jvxAuNMyAlgorithm\jvxAuNMyAlgorithm_static.dir\Debug\custombuild.read.1.tlog
H:\standalone\build-algo\jvxAuNMyAlgorithm\jvxAuNMyAlgorithm_static.dir\Debug\lib.command.1.tlog
H:\standalone\build-algo\jvxAuNMyAlgorithm\jvxAuNMyAlgorithm_static.dir\Debug\CL.write.1.tlog
H:\standalone\build-algo\jvxAuNMyAlgorithm\jvxAuNMyAlgorithm_static.dir\Debug\Lib-link.write.1.tlog
H:\standalone\build-algo\jvxAuNMyAlgorithm\jvxAuNMyAlgorithm_static.dir\Debug\custombuild.write.1.tlog
H:\standalone\build-algo\jvxAuNMyAlgorithm\jvxAuNMyAlgorithm_static.dir\Debug\Lib-link.read.1.tlog
H:\standalone\build-algo\jvxAuNMyAlgorithm\jvxAuNMyAlgorithm_static.dir\Debug\CL.read.1.tlog
H:\standalone\build-algo\jvxAuNMyAlgorithm\jvxAuNMyAlgorithm_static.dir\Debug\vc110.pdb
H:\standalone\build-algo\jvxAuNMyAlgorithm\Debug\jvxAuNMyAlgorithm_static.lib
