H:\STANDALONE\BUILD-ALGO\JVXAUNMYALGORITHM\DEBUG\JVXAUNMYALGORITHM.ILK
H:\STANDALONE\BUILD-ALGO\JVXAUNMYALGORITHM\DEBUG\JVXAUNMYALGORITHM.DLL
H:\STANDALONE\BUILD-ALGO\JVXAUNMYALGORITHM\DEBUG\JVXAUNMYALGORITHM.PDB
H:\STANDALONE\BUILD-ALGO\JVXAUNMYALGORITHM\JVXAUNMYALGORITHM.DIR\DEBUG\CJVXAUNMYALGORITHM.OBJ
H:\STANDALONE\BUILD-ALGO\JVXAUNMYALGORITHM\JVXAUNMYALGORITHM.DIR\DEBUG\CJVXAUDIONODE.OBJ
H:\STANDALONE\BUILD-ALGO\JVXAUNMYALGORITHM\JVXAUNMYALGORITHM.DIR\DEBUG\COMPONENTENTRY.OBJ
H:\STANDALONE\BUILD-ALGO\JVXAUNMYALGORITHM\JVXAUNMYALGORITHM.DIR\DEBUG\VC110.PDB
H:\standalone\build-algo\jvxAuNMyAlgorithm\Debug\jvxAuNMyAlgorithm.lib
H:\standalone\build-algo\jvxAuNMyAlgorithm\Debug\jvxAuNMyAlgorithm.exp
H:\STANDALONE\BUILD-ALGO\JVXAUNMYALGORITHM\CMAKEFILES\GENERATE.STAMP
H:\STANDALONE\BUILD-ALGO\JVXAUNMYALGORITHM\GENERATED\PCG_CJVXAUDIONODE_PCG.H
H:\STANDALONE\BUILD-ALGO\JVXAUNMYALGORITHM\GENERATED\PCG_EXPORTS_NODE.H
H:\standalone\build-algo\jvxAuNMyAlgorithm\jvxAuNMyAlgorithm.dir\Debug\CjvxAudioNode.obj
H:\standalone\build-algo\jvxAuNMyAlgorithm\jvxAuNMyAlgorithm.dir\Debug\CjvxAuNMyAlgorithm.obj
H:\standalone\build-algo\jvxAuNMyAlgorithm\jvxAuNMyAlgorithm.dir\Debug\componentEntry.obj
H:\standalone\build-algo\jvxAuNMyAlgorithm\jvxAuNMyAlgorithm.dir\Debug\link-cvtres.write.1.tlog
H:\standalone\build-algo\jvxAuNMyAlgorithm\jvxAuNMyAlgorithm.dir\Debug\custombuild.command.1.tlog
H:\standalone\build-algo\jvxAuNMyAlgorithm\jvxAuNMyAlgorithm.dir\Debug\link.command.1.tlog
H:\standalone\build-algo\jvxAuNMyAlgorithm\jvxAuNMyAlgorithm.dir\Debug\cl.command.1.tlog
H:\standalone\build-algo\jvxAuNMyAlgorithm\jvxAuNMyAlgorithm.dir\Debug\link-rc.read.1.tlog
H:\standalone\build-algo\jvxAuNMyAlgorithm\jvxAuNMyAlgorithm.dir\Debug\custombuild.read.1.tlog
H:\standalone\build-algo\jvxAuNMyAlgorithm\jvxAuNMyAlgorithm.dir\Debug\link-cvtres.read.1.tlog
H:\standalone\build-algo\jvxAuNMyAlgorithm\jvxAuNMyAlgorithm.dir\Debug\link.write.1.tlog
H:\standalone\build-algo\jvxAuNMyAlgorithm\jvxAuNMyAlgorithm.dir\Debug\CL.write.1.tlog
H:\standalone\build-algo\jvxAuNMyAlgorithm\jvxAuNMyAlgorithm.dir\Debug\jvxAuNMyAlgorithm.write.1.tlog
H:\standalone\build-algo\jvxAuNMyAlgorithm\jvxAuNMyAlgorithm.dir\Debug\custombuild.write.1.tlog
H:\standalone\build-algo\jvxAuNMyAlgorithm\jvxAuNMyAlgorithm.dir\Debug\link.read.1.tlog
H:\standalone\build-algo\jvxAuNMyAlgorithm\jvxAuNMyAlgorithm.dir\Debug\CL.read.1.tlog
H:\standalone\build-algo\jvxAuNMyAlgorithm\jvxAuNMyAlgorithm.dir\Debug\link-rc.write.1.tlog
H:\standalone\build-algo\jvxAuNMyAlgorithm\jvxAuNMyAlgorithm.dir\Debug\vc110.pdb
H:\standalone\build-algo\jvxAuNMyAlgorithm\Debug\jvxAuNMyAlgorithm.pdb
H:\standalone\build-algo\jvxAuNMyAlgorithm\Debug\jvxAuNMyAlgorithm.dll
H:\standalone\build-algo\jvxAuNMyAlgorithm\Debug\jvxAuNMyAlgorithm.ilk
