Build started 10.05.2016 17:30:10.
     1>Project "H:\standalone\build-host\jvxMyHost\jvxMyHost.vcxproj" on node 2 (Rebuild target(s)).
     1>PreBuildEvent:
         setlocal
         cd H:\standalone\build-host\jvxMyHost
         if %errorlevel% neq 0 goto :cmEnd
         H:
         if %errorlevel% neq 0 goto :cmEnd
         "C:\Program Files (x86)\cmake\bin\cmake.exe" -E cmake_autogen H:/standalone/build-host/jvxMyHost/CMakeFiles/jvxMyHost_automoc.dir/ Debug
         if %errorlevel% neq 0 goto :cmEnd
         :cmEnd
         endlocal & call :cmErrorLevel %errorlevel% & goto :cmDone
         :cmErrorLevel
         exit /b %1
         :cmDone
         if %errorlevel% neq 0 goto :VCEnd
         :VCEnd
         Generating moc_myCentralWidget.cpp
       CustomBuild:
         Building Custom Rule H:/standalone/project/jvxMyHost/CMakeLists.txt
         CMake does not need to re-run because H:\standalone\build-host\jvxMyHost\CMakeFiles\generate.stamp is up-to-date.
         Generating qrc_jvxMyNewHost.cpp
         Generating ui_myMainWidget.h
       ClCompile:
         C:\Program Files (x86)\Microsoft Visual Studio 11.0\VC\bin\x86_amd64\CL.exe /c /I"H:\standalone\env-dbg\sdk\software" /I"H:\standalone\env-dbg\sdk\software\platform\windows" /I"H:\standalone\env-dbg\sdk\include\jvx-dsp-base\include" /I"H:\standalone\env-dbg\sdk\include\jvx-dsp-base\include\os-windows" /I"H:\standalone\env-dbg\sdk\include\jvxComponents-static" /I"H:\standalone\env-dbg\sdk\software\templates\jvxHosts\qt-host-ui-extensions" /I\sources\jvxComponents\jvxAudioNodes\jvxAuNMyAlgorithm /I"H:\standalone\build-host\jvxMyHost" /IO:\develop\qt\5.5.1_64\msvc2012\include /IO:\develop\qt\5.5.1_64\msvc2012\include\QtCore /I"O:\develop\qt\5.5.1_64\msvc2012\.\mkspecs\win32-msvc2012" /IO:\develop\qt\5.5.1_64\msvc2012\include\QtGui /IO:\develop\qt\5.5.1_64\msvc2012\include\QtANGLE /IO:\develop\qt\5.5.1_64\msvc2012\include\QtWidgets /IO:\develop\qt\5.5.1_64\msvc2012\include\QtConcurrent /IO:\develop\qt\5.5.1_64\msvc2012\include\QtPrintSupport /Zi /nologo /W3 /WX- /Od /Ob0 /D WIN32 /D _WINDOWS /D _DEBUG /D WIN32 /D _WINDOWS /D JVX_DONT_DERIVE_FROM_UI_DESIGNER /D JVX_PROJECT_NAMESPACE=JVX_MY_HOST /D QT_ALLOW_QT_WIDGETS /D QT_CORE_LIB /D QT_GUI_LIB /D QT_WIDGETS_LIB /D QT_CONCURRENT_LIB /D QT_PRINTSUPPORT_LIB /D "CMAKE_INTDIR=\"Debug\"" /D _MBCS /Gm- /EHsc /RTC1 /MDd /GS /fp:precise /Zc:wchar_t /Zc:forScope /GR /Fo"jvxMyHost.dir\Debug\\" /Fd"jvxMyHost.dir\Debug\vc110.pdb" /Gd /TP /errorReport:prompt "H:\standalone\env-dbg\sdk\software\templates\jvxHosts\qt-host-ui-extensions\mainCentral.cpp" H:\standalone\project\jvxMyHost\src\jvxAudioHost_hooks.cpp H:\standalone\project\jvxMyHost\src\myCentralWidget.cpp "H:\standalone\build-host\jvxMyHost\qrc_jvxMyNewHost.cpp" "H:\standalone\build-host\jvxMyHost\jvxMyHost_automoc.cpp"
         mainCentral.cpp
     1>h:\standalone\env-dbg\sdk\software\helpers/HjvxProperties.h(276): warning C4267: '=' : conversion from 'size_t' to 'jvxInt32', possible loss of data
     1>h:\standalone\env-dbg\sdk\software\helpers/jvxTools/HjvxAudioFileIo.h(173): warning C4267: 'argument' : conversion from 'size_t' to 'int', possible loss of data
     1>H:\standalone\env-dbg\sdk\software\templates/common/CjvxWebServerHost.h(372): warning C4101: 'i' : unreferenced local variable
     1>H:\standalone\env-dbg\sdk\software\templates/common/CjvxWebServerHost.h(478): warning C4267: '=' : conversion from 'size_t' to 'jvxInt32', possible loss of data
     1>H:\standalone\env-dbg\sdk\software\templates/common/CjvxWebServerHost.h(526): warning C4267: 'argument' : conversion from 'size_t' to 'int', possible loss of data
     1>H:\standalone\env-dbg\sdk\software\templates/common/CjvxWebServerHost.h(684): warning C4267: '=' : conversion from 'size_t' to 'jvxUInt32', possible loss of data
     1>H:\standalone\env-dbg\sdk\software\templates/common/CjvxWebServerHost.h(1214): warning C4267: 'argument' : conversion from 'size_t' to 'int', possible loss of data
     1>H:\standalone\env-dbg\sdk\software\templates/common/CjvxWebServerHost.h(1639): warning C4267: 'argument' : conversion from 'size_t' to 'int', possible loss of data
         jvxAudioHost_hooks.cpp
     1>h:\standalone\env-dbg\sdk\software\helpers/HjvxProperties.h(276): warning C4267: '=' : conversion from 'size_t' to 'jvxInt32', possible loss of data
     1>h:\standalone\env-dbg\sdk\software\helpers/jvxTools/HjvxAudioFileIo.h(173): warning C4267: 'argument' : conversion from 'size_t' to 'int', possible loss of data
     1>H:\standalone\env-dbg\sdk\software\templates/common/CjvxWebServerHost.h(372): warning C4101: 'i' : unreferenced local variable
     1>H:\standalone\env-dbg\sdk\software\templates/common/CjvxWebServerHost.h(478): warning C4267: '=' : conversion from 'size_t' to 'jvxInt32', possible loss of data
     1>H:\standalone\env-dbg\sdk\software\templates/common/CjvxWebServerHost.h(526): warning C4267: 'argument' : conversion from 'size_t' to 'int', possible loss of data
     1>H:\standalone\env-dbg\sdk\software\templates/common/CjvxWebServerHost.h(684): warning C4267: '=' : conversion from 'size_t' to 'jvxUInt32', possible loss of data
     1>H:\standalone\env-dbg\sdk\software\templates/common/CjvxWebServerHost.h(1214): warning C4267: 'argument' : conversion from 'size_t' to 'int', possible loss of data
     1>H:\standalone\env-dbg\sdk\software\templates/common/CjvxWebServerHost.h(1639): warning C4267: 'argument' : conversion from 'size_t' to 'int', possible loss of data
         myCentralWidget.cpp
     1>h:\standalone\env-dbg\sdk\software\helpers/HjvxProperties.h(276): warning C4267: '=' : conversion from 'size_t' to 'jvxInt32', possible loss of data
     1>h:\standalone\env-dbg\sdk\software\helpers/jvxTools/HjvxAudioFileIo.h(173): warning C4267: 'argument' : conversion from 'size_t' to 'int', possible loss of data
     1>H:\standalone\env-dbg\sdk\software\templates/common/CjvxWebServerHost.h(372): warning C4101: 'i' : unreferenced local variable
     1>H:\standalone\env-dbg\sdk\software\templates/common/CjvxWebServerHost.h(478): warning C4267: '=' : conversion from 'size_t' to 'jvxInt32', possible loss of data
     1>H:\standalone\env-dbg\sdk\software\templates/common/CjvxWebServerHost.h(526): warning C4267: 'argument' : conversion from 'size_t' to 'int', possible loss of data
     1>H:\standalone\env-dbg\sdk\software\templates/common/CjvxWebServerHost.h(684): warning C4267: '=' : conversion from 'size_t' to 'jvxUInt32', possible loss of data
     1>H:\standalone\env-dbg\sdk\software\templates/common/CjvxWebServerHost.h(1214): warning C4267: 'argument' : conversion from 'size_t' to 'int', possible loss of data
     1>H:\standalone\env-dbg\sdk\software\templates/common/CjvxWebServerHost.h(1639): warning C4267: 'argument' : conversion from 'size_t' to 'int', possible loss of data
         qrc_jvxMyNewHost.cpp
         jvxMyHost_automoc.cpp
     1>h:\standalone\env-dbg\sdk\software\helpers/HjvxProperties.h(276): warning C4267: '=' : conversion from 'size_t' to 'jvxInt32', possible loss of data
     1>h:\standalone\env-dbg\sdk\software\helpers/jvxTools/HjvxAudioFileIo.h(173): warning C4267: 'argument' : conversion from 'size_t' to 'int', possible loss of data
     1>H:\standalone\env-dbg\sdk\software\templates/common/CjvxWebServerHost.h(372): warning C4101: 'i' : unreferenced local variable
     1>H:\standalone\env-dbg\sdk\software\templates/common/CjvxWebServerHost.h(478): warning C4267: '=' : conversion from 'size_t' to 'jvxInt32', possible loss of data
     1>H:\standalone\env-dbg\sdk\software\templates/common/CjvxWebServerHost.h(526): warning C4267: 'argument' : conversion from 'size_t' to 'int', possible loss of data
     1>H:\standalone\env-dbg\sdk\software\templates/common/CjvxWebServerHost.h(684): warning C4267: '=' : conversion from 'size_t' to 'jvxUInt32', possible loss of data
     1>H:\standalone\env-dbg\sdk\software\templates/common/CjvxWebServerHost.h(1214): warning C4267: 'argument' : conversion from 'size_t' to 'int', possible loss of data
     1>H:\standalone\env-dbg\sdk\software\templates/common/CjvxWebServerHost.h(1639): warning C4267: 'argument' : conversion from 'size_t' to 'int', possible loss of data
         Generating Code...
       Link:
         C:\Program Files (x86)\Microsoft Visual Studio 11.0\VC\bin\x86_amd64\link.exe /ERRORREPORT:PROMPT /OUT:"H:\standalone\build-host\jvxMyHost\Debug\jvxMyHost.exe" /INCREMENTAL /NOLOGO /LIBPATH:"H:/standalone/env-dbg/sdk/lib" /LIBPATH:"H:/standalone/env-dbg/sdk/lib/Debug" /LIBPATH:"H:/standalone/env-dbg/sdk/lib/jvxComponents-static" /LIBPATH:"H:/standalone/env-dbg/sdk/lib/jvxComponents-static/Debug" kernel32.lib user32.lib gdi32.lib winspool.lib shell32.lib ole32.lib oleaut32.lib uuid.lib comdlg32.lib advapi32.lib jvxAuNMyAlgorithm_static.lib jvxLAudioHost__algostatic_static.lib jvxLFileIO_static.lib jvxHJvx_static_nd.lib jvxLthreads_static.lib jvxTconfigProcessor_static.lib jvxTDataConverter_static.lib jvxTDataLogger_static.lib jvxTResampler_static.lib jvxTrtAudioFileReader_static.lib jvxTrtAudioFileWriter_static.lib jvxAuTGenericWrapper_static.lib "qwt-6.1.2.lib" "qwtPolar-1.1.0.lib" "jvx-dsp-base_static.lib" "jvx-dsp-base-cpp_static.lib" "jvx-dsp_static.lib" jvxAuTPortAudio_static.lib portAudio.lib jvxTRs232_static.lib jvxAuTAsio_static.lib imm32.lib Setupapi.lib jvxTThreadController_static.lib O:\develop\qt\5.5.1_64\msvc2012\lib\Qt5Concurrentd.lib O:\develop\qt\5.5.1_64\msvc2012\lib\Qt5PrintSupportd.lib O:\develop\qt\5.5.1_64\msvc2012\lib\Qt5Widgetsd.lib O:\develop\qt\5.5.1_64\msvc2012\lib\Qt5Guid.lib O:\develop\qt\5.5.1_64\msvc2012\lib\Qt5Cored.lib /MANIFEST /MANIFESTUAC:"level='asInvoker' uiAccess='false'" /manifest:embed /DEBUG /PDB:"H:/standalone/build-host/jvxMyHost/Debug/jvxMyHost.pdb" /SUBSYSTEM:CONSOLE /TLBID:1 /DYNAMICBASE /NXCOMPAT /IMPLIB:"H:/standalone/build-host/jvxMyHost/Debug/jvxMyHost.lib" /MACHINE:X64  /machine:x64 /debug /machine:x64 jvxMyHost.dir\Debug\mainCentral.obj
         jvxMyHost.dir\Debug\jvxAudioHost_hooks.obj
         jvxMyHost.dir\Debug\myCentralWidget.obj
         jvxMyHost.dir\Debug\qrc_jvxMyNewHost.obj
         jvxMyHost.dir\Debug\jvxMyHost_automoc.obj
     1>jvxLAudioHost__algostatic_static.lib(main.cpp.obj) : warning LNK4099: PDB 'vc110.pdb' was not found with 'jvxLAudioHost__algostatic_static.lib(main.cpp.obj)' or at 'H:\standalone\build-host\jvxMyHost\Debug\vc110.pdb'; linking object as if no debug info
     1>jvxLAudioHost__algostatic_static.lib(uMainWindow_specific.cpp.obj) : warning LNK4099: PDB 'vc110.pdb' was not found with 'jvxLAudioHost__algostatic_static.lib(uMainWindow_specific.cpp.obj)' or at 'H:\standalone\build-host\jvxMyHost\Debug\vc110.pdb'; linking object as if no debug info
     1>jvxLAudioHost__algostatic_static.lib(uMainWindow.cpp.obj) : warning LNK4099: PDB 'vc110.pdb' was not found with 'jvxLAudioHost__algostatic_static.lib(uMainWindow.cpp.obj)' or at 'H:\standalone\build-host\jvxMyHost\Debug\vc110.pdb'; linking object as if no debug info
     1>jvxLAudioHost__algostatic_static.lib(additionalArgs.cpp.obj) : warning LNK4099: PDB 'vc110.pdb' was not found with 'jvxLAudioHost__algostatic_static.lib(additionalArgs.cpp.obj)' or at 'H:\standalone\build-host\jvxMyHost\Debug\vc110.pdb'; linking object as if no debug info
     1>jvxLAudioHost__algostatic_static.lib(uMainWindow_bootup.cpp.obj) : warning LNK4099: PDB 'vc110.pdb' was not found with 'jvxLAudioHost__algostatic_static.lib(uMainWindow_bootup.cpp.obj)' or at 'H:\standalone\build-host\jvxMyHost\Debug\vc110.pdb'; linking object as if no debug info
     1>jvxLAudioHost__algostatic_static.lib(uMainWindow_shutdown.cpp.obj) : warning LNK4099: PDB 'vc110.pdb' was not found with 'jvxLAudioHost__algostatic_static.lib(uMainWindow_shutdown.cpp.obj)' or at 'H:\standalone\build-host\jvxMyHost\Debug\vc110.pdb'; linking object as if no debug info
     1>jvxLAudioHost__algostatic_static.lib(uMainWindow_config.cpp.obj) : warning LNK4099: PDB 'vc110.pdb' was not found with 'jvxLAudioHost__algostatic_static.lib(uMainWindow_config.cpp.obj)' or at 'H:\standalone\build-host\jvxMyHost\Debug\vc110.pdb'; linking object as if no debug info
     1>jvxLAudioHost__algostatic_static.lib(uMainWindow_sequencer.cpp.obj) : warning LNK4099: PDB 'vc110.pdb' was not found with 'jvxLAudioHost__algostatic_static.lib(uMainWindow_sequencer.cpp.obj)' or at 'H:\standalone\build-host\jvxMyHost\Debug\vc110.pdb'; linking object as if no debug info
     1>jvxLAudioHost__algostatic_static.lib(uMainWindow_run.cpp.obj) : warning LNK4099: PDB 'vc110.pdb' was not found with 'jvxLAudioHost__algostatic_static.lib(uMainWindow_run.cpp.obj)' or at 'H:\standalone\build-host\jvxMyHost\Debug\vc110.pdb'; linking object as if no debug info
     1>jvxLAudioHost__algostatic_static.lib(uMainWindow_ui.cpp.obj) : warning LNK4099: PDB 'vc110.pdb' was not found with 'jvxLAudioHost__algostatic_static.lib(uMainWindow_ui.cpp.obj)' or at 'H:\standalone\build-host\jvxMyHost\Debug\vc110.pdb'; linking object as if no debug info
     1>jvxLAudioHost__algostatic_static.lib(configureAudio.cpp.obj) : warning LNK4099: PDB 'vc110.pdb' was not found with 'jvxLAudioHost__algostatic_static.lib(configureAudio.cpp.obj)' or at 'H:\standalone\build-host\jvxMyHost\Debug\vc110.pdb'; linking object as if no debug info
     1>jvxLAudioHost__algostatic_static.lib(realtimeViewer_helpers.cpp.obj) : warning LNK4099: PDB 'vc110.pdb' was not found with 'jvxLAudioHost__algostatic_static.lib(realtimeViewer_helpers.cpp.obj)' or at 'H:\standalone\build-host\jvxMyHost\Debug\vc110.pdb'; linking object as if no debug info
     1>jvxLAudioHost__algostatic_static.lib(jvxLAudioHost__algostatic_static_automoc.cpp.obj) : warning LNK4099: PDB 'vc110.pdb' was not found with 'jvxLAudioHost__algostatic_static.lib(jvxLAudioHost__algostatic_static_automoc.cpp.obj)' or at 'H:\standalone\build-host\jvxMyHost\Debug\vc110.pdb'; linking object as if no debug info
     1>jvxLFileIO_static.lib(jvxFileReader.cpp.obj) : warning LNK4099: PDB 'vc110.pdb' was not found with 'jvxLFileIO_static.lib(jvxFileReader.cpp.obj)' or at 'H:\standalone\build-host\jvxMyHost\Debug\vc110.pdb'; linking object as if no debug info
     1>jvxLFileIO_static.lib(jvxFileWriter.cpp.obj) : warning LNK4099: PDB 'vc110.pdb' was not found with 'jvxLFileIO_static.lib(jvxFileWriter.cpp.obj)' or at 'H:\standalone\build-host\jvxMyHost\Debug\vc110.pdb'; linking object as if no debug info
     1>jvxLFileIO_static.lib(jvxWavReader.cpp.obj) : warning LNK4099: PDB 'vc110.pdb' was not found with 'jvxLFileIO_static.lib(jvxWavReader.cpp.obj)' or at 'H:\standalone\build-host\jvxMyHost\Debug\vc110.pdb'; linking object as if no debug info
     1>jvxLFileIO_static.lib(jvxWavWriter.cpp.obj) : warning LNK4099: PDB 'vc110.pdb' was not found with 'jvxLFileIO_static.lib(jvxWavWriter.cpp.obj)' or at 'H:\standalone\build-host\jvxMyHost\Debug\vc110.pdb'; linking object as if no debug info
     1>jvxHJvx_static_nd.lib(componentEntry.cpp.obj) : warning LNK4099: PDB 'vc110.pdb' was not found with 'jvxHJvx_static_nd.lib(componentEntry.cpp.obj)' or at 'H:\standalone\build-host\jvxMyHost\Debug\vc110.pdb'; linking object as if no debug info
     1>jvxHJvx_static_nd.lib(CjvxHostJvx.cpp.obj) : warning LNK4099: PDB 'vc110.pdb' was not found with 'jvxHJvx_static_nd.lib(CjvxHostJvx.cpp.obj)' or at 'H:\standalone\build-host\jvxMyHost\Debug\vc110.pdb'; linking object as if no debug info
     1>jvxHJvx_static_nd.lib(CjvxHostJvx_config.cpp.obj) : warning LNK4099: PDB 'vc110.pdb' was not found with 'jvxHJvx_static_nd.lib(CjvxHostJvx_config.cpp.obj)' or at 'H:\standalone\build-host\jvxMyHost\Debug\vc110.pdb'; linking object as if no debug info
     1>jvxHJvx_static_nd.lib(CjvxHost.cpp.obj) : warning LNK4099: PDB 'vc110.pdb' was not found with 'jvxHJvx_static_nd.lib(CjvxHost.cpp.obj)' or at 'H:\standalone\build-host\jvxMyHost\Debug\vc110.pdb'; linking object as if no debug info
     1>jvxHJvx_static_nd.lib(CjvxHost_components.cpp.obj) : warning LNK4099: PDB 'vc110.pdb' was not found with 'jvxHJvx_static_nd.lib(CjvxHost_components.cpp.obj)' or at 'H:\standalone\build-host\jvxMyHost\Debug\vc110.pdb'; linking object as if no debug info
     1>jvxHJvx_static_nd.lib(CjvxHost_sequencer.cpp.obj) : warning LNK4099: PDB 'vc110.pdb' was not found with 'jvxHJvx_static_nd.lib(CjvxHost_sequencer.cpp.obj)' or at 'H:\standalone\build-host\jvxMyHost\Debug\vc110.pdb'; linking object as if no debug info
     1>jvxLthreads_static.lib(jvx_threads.cpp.obj) : warning LNK4099: PDB 'vc110.pdb' was not found with 'jvxLthreads_static.lib(jvx_threads.cpp.obj)' or at 'H:\standalone\build-host\jvxMyHost\Debug\vc110.pdb'; linking object as if no debug info
     1>jvxTconfigProcessor_static.lib(componentEntry.cpp.obj) : warning LNK4099: PDB 'vc110.pdb' was not found with 'jvxTconfigProcessor_static.lib(componentEntry.cpp.obj)' or at 'H:\standalone\build-host\jvxMyHost\Debug\vc110.pdb'; linking object as if no debug info
     1>jvxTconfigProcessor_static.lib(CjvxConfigProcessor.cpp.obj) : warning LNK4099: PDB 'vc110.pdb' was not found with 'jvxTconfigProcessor_static.lib(CjvxConfigProcessor.cpp.obj)' or at 'H:\standalone\build-host\jvxMyHost\Debug\vc110.pdb'; linking object as if no debug info
     1>jvxTconfigProcessor_static.lib(treeList.cpp.obj) : warning LNK4099: PDB 'vc110.pdb' was not found with 'jvxTconfigProcessor_static.lib(treeList.cpp.obj)' or at 'H:\standalone\build-host\jvxMyHost\Debug\vc110.pdb'; linking object as if no debug info
     1>jvxTconfigProcessor_static.lib(grammar.c.obj) : warning LNK4099: PDB 'vc110.pdb' was not found with 'jvxTconfigProcessor_static.lib(grammar.c.obj)' or at 'H:\standalone\build-host\jvxMyHost\Debug\vc110.pdb'; linking object as if no debug info
     1>jvxTconfigProcessor_static.lib(grammar.tab.c.obj) : warning LNK4099: PDB 'vc110.pdb' was not found with 'jvxTconfigProcessor_static.lib(grammar.tab.c.obj)' or at 'H:\standalone\build-host\jvxMyHost\Debug\vc110.pdb'; linking object as if no debug info
     1>jvxTDataConverter_static.lib(componentEntry.cpp.obj) : warning LNK4099: PDB 'vc110.pdb' was not found with 'jvxTDataConverter_static.lib(componentEntry.cpp.obj)' or at 'H:\standalone\build-host\jvxMyHost\Debug\vc110.pdb'; linking object as if no debug info
     1>jvxTDataConverter_static.lib(CjvxDataConverter.cpp.obj) : warning LNK4099: PDB 'vc110.pdb' was not found with 'jvxTDataConverter_static.lib(CjvxDataConverter.cpp.obj)' or at 'H:\standalone\build-host\jvxMyHost\Debug\vc110.pdb'; linking object as if no debug info
     1>jvxTDataLogger_static.lib(componentEntry.cpp.obj) : warning LNK4099: PDB 'vc110.pdb' was not found with 'jvxTDataLogger_static.lib(componentEntry.cpp.obj)' or at 'H:\standalone\build-host\jvxMyHost\Debug\vc110.pdb'; linking object as if no debug info
     1>jvxTDataLogger_static.lib(CjvxDataLogger.cpp.obj) : warning LNK4099: PDB 'vc110.pdb' was not found with 'jvxTDataLogger_static.lib(CjvxDataLogger.cpp.obj)' or at 'H:\standalone\build-host\jvxMyHost\Debug\vc110.pdb'; linking object as if no debug info
     1>jvxTResampler_static.lib(componentEntry.cpp.obj) : warning LNK4099: PDB 'vc110.pdb' was not found with 'jvxTResampler_static.lib(componentEntry.cpp.obj)' or at 'H:\standalone\build-host\jvxMyHost\Debug\vc110.pdb'; linking object as if no debug info
     1>jvxTResampler_static.lib(CjvxResampler.cpp.obj) : warning LNK4099: PDB 'vc110.pdb' was not found with 'jvxTResampler_static.lib(CjvxResampler.cpp.obj)' or at 'H:\standalone\build-host\jvxMyHost\Debug\vc110.pdb'; linking object as if no debug info
     1>jvxTrtAudioFileReader_static.lib(componentEntry.cpp.obj) : warning LNK4099: PDB 'vc110.pdb' was not found with 'jvxTrtAudioFileReader_static.lib(componentEntry.cpp.obj)' or at 'H:\standalone\build-host\jvxMyHost\Debug\vc110.pdb'; linking object as if no debug info
     1>jvxTrtAudioFileReader_static.lib(CjvxRtAudioFileReader.cpp.obj) : warning LNK4099: PDB 'vc110.pdb' was not found with 'jvxTrtAudioFileReader_static.lib(CjvxRtAudioFileReader.cpp.obj)' or at 'H:\standalone\build-host\jvxMyHost\Debug\vc110.pdb'; linking object as if no debug info
     1>jvxTrtAudioFileWriter_static.lib(componentEntry.cpp.obj) : warning LNK4099: PDB 'vc110.pdb' was not found with 'jvxTrtAudioFileWriter_static.lib(componentEntry.cpp.obj)' or at 'H:\standalone\build-host\jvxMyHost\Debug\vc110.pdb'; linking object as if no debug info
     1>jvxTrtAudioFileWriter_static.lib(CjvxRtAudioFileWriter.cpp.obj) : warning LNK4099: PDB 'vc110.pdb' was not found with 'jvxTrtAudioFileWriter_static.lib(CjvxRtAudioFileWriter.cpp.obj)' or at 'H:\standalone\build-host\jvxMyHost\Debug\vc110.pdb'; linking object as if no debug info
     1>jvxAuTGenericWrapper_static.lib(componentEntry.cpp.obj) : warning LNK4099: PDB 'vc110.pdb' was not found with 'jvxAuTGenericWrapper_static.lib(componentEntry.cpp.obj)' or at 'H:\standalone\build-host\jvxMyHost\Debug\vc110.pdb'; linking object as if no debug info
     1>jvxAuTGenericWrapper_static.lib(CjvxAudioDevice.cpp.obj) : warning LNK4099: PDB 'vc110.pdb' was not found with 'jvxAuTGenericWrapper_static.lib(CjvxAudioDevice.cpp.obj)' or at 'H:\standalone\build-host\jvxMyHost\Debug\vc110.pdb'; linking object as if no debug info
     1>jvxAuTGenericWrapper_static.lib(CjvxAudioTechnology.cpp.obj) : warning LNK4099: PDB 'vc110.pdb' was not found with 'jvxAuTGenericWrapper_static.lib(CjvxAudioTechnology.cpp.obj)' or at 'H:\standalone\build-host\jvxMyHost\Debug\vc110.pdb'; linking object as if no debug info
     1>jvxAuTGenericWrapper_static.lib(CjvxGenericWrapperDevice.cpp.obj) : warning LNK4099: PDB 'vc110.pdb' was not found with 'jvxAuTGenericWrapper_static.lib(CjvxGenericWrapperDevice.cpp.obj)' or at 'H:\standalone\build-host\jvxMyHost\Debug\vc110.pdb'; linking object as if no debug info
     1>jvxAuTGenericWrapper_static.lib(CjvxGenericWrapperDevice_props.cpp.obj) : warning LNK4099: PDB 'vc110.pdb' was not found with 'jvxAuTGenericWrapper_static.lib(CjvxGenericWrapperDevice_props.cpp.obj)' or at 'H:\standalone\build-host\jvxMyHost\Debug\vc110.pdb'; linking object as if no debug info
     1>jvxAuTGenericWrapper_static.lib(CjvxGenericWrapperDevice_config.cpp.obj) : warning LNK4099: PDB 'vc110.pdb' was not found with 'jvxAuTGenericWrapper_static.lib(CjvxGenericWrapperDevice_config.cpp.obj)' or at 'H:\standalone\build-host\jvxMyHost\Debug\vc110.pdb'; linking object as if no debug info
     1>jvxAuTGenericWrapper_static.lib(CjvxGenericWrapperDevice_fileio.cpp.obj) : warning LNK4099: PDB 'vc110.pdb' was not found with 'jvxAuTGenericWrapper_static.lib(CjvxGenericWrapperDevice_fileio.cpp.obj)' or at 'H:\standalone\build-host\jvxMyHost\Debug\vc110.pdb'; linking object as if no debug info
     1>jvxAuTGenericWrapper_static.lib(CjvxGenericWrapperDevice_setup.cpp.obj) : warning LNK4099: PDB 'vc110.pdb' was not found with 'jvxAuTGenericWrapper_static.lib(CjvxGenericWrapperDevice_setup.cpp.obj)' or at 'H:\standalone\build-host\jvxMyHost\Debug\vc110.pdb'; linking object as if no debug info
     1>jvxAuTGenericWrapper_static.lib(CjvxGenericWrapperDevice_prepare.cpp.obj) : warning LNK4099: PDB 'vc110.pdb' was not found with 'jvxAuTGenericWrapper_static.lib(CjvxGenericWrapperDevice_prepare.cpp.obj)' or at 'H:\standalone\build-host\jvxMyHost\Debug\vc110.pdb'; linking object as if no debug info
     1>jvxAuTGenericWrapper_static.lib(CjvxGenericWrapperDevice_hostRelocator.cpp.obj) : warning LNK4099: PDB 'vc110.pdb' was not found with 'jvxAuTGenericWrapper_static.lib(CjvxGenericWrapperDevice_hostRelocator.cpp.obj)' or at 'H:\standalone\build-host\jvxMyHost\Debug\vc110.pdb'; linking object as if no debug info
     1>jvxAuTGenericWrapper_static.lib(CjvxGenericWrapperDevice_start.cpp.obj) : warning LNK4099: PDB 'vc110.pdb' was not found with 'jvxAuTGenericWrapper_static.lib(CjvxGenericWrapperDevice_start.cpp.obj)' or at 'H:\standalone\build-host\jvxMyHost\Debug\vc110.pdb'; linking object as if no debug info
     1>jvxAuTGenericWrapper_static.lib(CjvxGenericWrapperDevice_process.cpp.obj) : warning LNK4099: PDB 'vc110.pdb' was not found with 'jvxAuTGenericWrapper_static.lib(CjvxGenericWrapperDevice_process.cpp.obj)' or at 'H:\standalone\build-host\jvxMyHost\Debug\vc110.pdb'; linking object as if no debug info
     1>jvxAuTGenericWrapper_static.lib(CjvxGenericWrapperDevice_prepare_subfunctions.cpp.obj) : warning LNK4099: PDB 'vc110.pdb' was not found with 'jvxAuTGenericWrapper_static.lib(CjvxGenericWrapperDevice_prepare_subfunctions.cpp.obj)' or at 'H:\standalone\build-host\jvxMyHost\Debug\vc110.pdb'; linking object as if no debug info
     1>jvxAuTGenericWrapper_static.lib(CjvxGenericWrapperTechnology.cpp.obj) : warning LNK4099: PDB 'vc110.pdb' was not found with 'jvxAuTGenericWrapper_static.lib(CjvxGenericWrapperTechnology.cpp.obj)' or at 'H:\standalone\build-host\jvxMyHost\Debug\vc110.pdb'; linking object as if no debug info
     1>jvxAuTGenericWrapper_static.lib(CjvxCircularBuffer.cpp.obj) : warning LNK4099: PDB 'vc110.pdb' was not found with 'jvxAuTGenericWrapper_static.lib(CjvxCircularBuffer.cpp.obj)' or at 'H:\standalone\build-host\jvxMyHost\Debug\vc110.pdb'; linking object as if no debug info
     1>jvx-dsp-base_static.lib(jvx_math_extensions.c.obj) : warning LNK4099: PDB 'vc110.pdb' was not found with 'jvx-dsp-base_static.lib(jvx_math_extensions.c.obj)' or at 'H:\standalone\build-host\jvxMyHost\Debug\vc110.pdb'; linking object as if no debug info
     1>jvx-dsp-base_static.lib(jvx_windows.c.obj) : warning LNK4099: PDB 'vc110.pdb' was not found with 'jvx-dsp-base_static.lib(jvx_windows.c.obj)' or at 'H:\standalone\build-host\jvxMyHost\Debug\vc110.pdb'; linking object as if no debug info
     1>jvxAuTPortAudio_static.lib(componentEntry.cpp.obj) : warning LNK4099: PDB 'vc110.pdb' was not found with 'jvxAuTPortAudio_static.lib(componentEntry.cpp.obj)' or at 'H:\standalone\build-host\jvxMyHost\Debug\vc110.pdb'; linking object as if no debug info
     1>jvxAuTPortAudio_static.lib(CjvxPortAudioTechnology.cpp.obj) : warning LNK4099: PDB 'vc110.pdb' was not found with 'jvxAuTPortAudio_static.lib(CjvxPortAudioTechnology.cpp.obj)' or at 'H:\standalone\build-host\jvxMyHost\Debug\vc110.pdb'; linking object as if no debug info
     1>jvxAuTPortAudio_static.lib(CjvxPortAudioDevice.cpp.obj) : warning LNK4099: PDB 'vc110.pdb' was not found with 'jvxAuTPortAudio_static.lib(CjvxPortAudioDevice.cpp.obj)' or at 'H:\standalone\build-host\jvxMyHost\Debug\vc110.pdb'; linking object as if no debug info
     1>portAudio.lib(pa_allocation.c.obj) : warning LNK4099: PDB 'vc110.pdb' was not found with 'portAudio.lib(pa_allocation.c.obj)' or at 'H:\standalone\build-host\jvxMyHost\Debug\vc110.pdb'; linking object as if no debug info
     1>portAudio.lib(pa_converters.c.obj) : warning LNK4099: PDB 'vc110.pdb' was not found with 'portAudio.lib(pa_converters.c.obj)' or at 'H:\standalone\build-host\jvxMyHost\Debug\vc110.pdb'; linking object as if no debug info
     1>portAudio.lib(pa_cpuload.c.obj) : warning LNK4099: PDB 'vc110.pdb' was not found with 'portAudio.lib(pa_cpuload.c.obj)' or at 'H:\standalone\build-host\jvxMyHost\Debug\vc110.pdb'; linking object as if no debug info
     1>portAudio.lib(pa_dither.c.obj) : warning LNK4099: PDB 'vc110.pdb' was not found with 'portAudio.lib(pa_dither.c.obj)' or at 'H:\standalone\build-host\jvxMyHost\Debug\vc110.pdb'; linking object as if no debug info
     1>portAudio.lib(pa_front.c.obj) : warning LNK4099: PDB 'vc110.pdb' was not found with 'portAudio.lib(pa_front.c.obj)' or at 'H:\standalone\build-host\jvxMyHost\Debug\vc110.pdb'; linking object as if no debug info
     1>portAudio.lib(pa_process.c.obj) : warning LNK4099: PDB 'vc110.pdb' was not found with 'portAudio.lib(pa_process.c.obj)' or at 'H:\standalone\build-host\jvxMyHost\Debug\vc110.pdb'; linking object as if no debug info
     1>portAudio.lib(pa_ringbuffer.c.obj) : warning LNK4099: PDB 'vc110.pdb' was not found with 'portAudio.lib(pa_ringbuffer.c.obj)' or at 'H:\standalone\build-host\jvxMyHost\Debug\vc110.pdb'; linking object as if no debug info
     1>portAudio.lib(pa_stream.c.obj) : warning LNK4099: PDB 'vc110.pdb' was not found with 'portAudio.lib(pa_stream.c.obj)' or at 'H:\standalone\build-host\jvxMyHost\Debug\vc110.pdb'; linking object as if no debug info
     1>portAudio.lib(asio.cpp.obj) : warning LNK4099: PDB 'vc110.pdb' was not found with 'portAudio.lib(asio.cpp.obj)' or at 'H:\standalone\build-host\jvxMyHost\Debug\vc110.pdb'; linking object as if no debug info
     1>portAudio.lib(asiodrivers.cpp.obj) : warning LNK4099: PDB 'vc110.pdb' was not found with 'portAudio.lib(asiodrivers.cpp.obj)' or at 'H:\standalone\build-host\jvxMyHost\Debug\vc110.pdb'; linking object as if no debug info
     1>portAudio.lib(asiolist.cpp.obj) : warning LNK4099: PDB 'vc110.pdb' was not found with 'portAudio.lib(asiolist.cpp.obj)' or at 'H:\standalone\build-host\jvxMyHost\Debug\vc110.pdb'; linking object as if no debug info
     1>portAudio.lib(pa_asio.cpp.obj) : warning LNK4099: PDB 'vc110.pdb' was not found with 'portAudio.lib(pa_asio.cpp.obj)' or at 'H:\standalone\build-host\jvxMyHost\Debug\vc110.pdb'; linking object as if no debug info
     1>portAudio.lib(pa_win_hostapis.c.obj) : warning LNK4099: PDB 'vc110.pdb' was not found with 'portAudio.lib(pa_win_hostapis.c.obj)' or at 'H:\standalone\build-host\jvxMyHost\Debug\vc110.pdb'; linking object as if no debug info
     1>portAudio.lib(pa_win_util.c.obj) : warning LNK4099: PDB 'vc110.pdb' was not found with 'portAudio.lib(pa_win_util.c.obj)' or at 'H:\standalone\build-host\jvxMyHost\Debug\vc110.pdb'; linking object as if no debug info
     1>portAudio.lib(pa_win_coinitialize.c.obj) : warning LNK4099: PDB 'vc110.pdb' was not found with 'portAudio.lib(pa_win_coinitialize.c.obj)' or at 'H:\standalone\build-host\jvxMyHost\Debug\vc110.pdb'; linking object as if no debug info
     1>portAudio.lib(pa_win_ds.c.obj) : warning LNK4099: PDB 'vc110.pdb' was not found with 'portAudio.lib(pa_win_ds.c.obj)' or at 'H:\standalone\build-host\jvxMyHost\Debug\vc110.pdb'; linking object as if no debug info
     1>portAudio.lib(pa_win_ds_dynlink.c.obj) : warning LNK4099: PDB 'vc110.pdb' was not found with 'portAudio.lib(pa_win_ds_dynlink.c.obj)' or at 'H:\standalone\build-host\jvxMyHost\Debug\vc110.pdb'; linking object as if no debug info
     1>portAudio.lib(pa_win_wasapi.c.obj) : warning LNK4099: PDB 'vc110.pdb' was not found with 'portAudio.lib(pa_win_wasapi.c.obj)' or at 'H:\standalone\build-host\jvxMyHost\Debug\vc110.pdb'; linking object as if no debug info
     1>portAudio.lib(pa_win_waveformat.c.obj) : warning LNK4099: PDB 'vc110.pdb' was not found with 'portAudio.lib(pa_win_waveformat.c.obj)' or at 'H:\standalone\build-host\jvxMyHost\Debug\vc110.pdb'; linking object as if no debug info
     1>portAudio.lib(pa_win_wdmks.c.obj) : warning LNK4099: PDB 'vc110.pdb' was not found with 'portAudio.lib(pa_win_wdmks.c.obj)' or at 'H:\standalone\build-host\jvxMyHost\Debug\vc110.pdb'; linking object as if no debug info
     1>portAudio.lib(pa_win_wmme.c.obj) : warning LNK4099: PDB 'vc110.pdb' was not found with 'portAudio.lib(pa_win_wmme.c.obj)' or at 'H:\standalone\build-host\jvxMyHost\Debug\vc110.pdb'; linking object as if no debug info
     1>jvxTRs232_static.lib(componentEntry.cpp.obj) : warning LNK4099: PDB 'vc110.pdb' was not found with 'jvxTRs232_static.lib(componentEntry.cpp.obj)' or at 'H:\standalone\build-host\jvxMyHost\Debug\vc110.pdb'; linking object as if no debug info
     1>jvxTRs232_static.lib(CjvxRs232.cpp.obj) : warning LNK4099: PDB 'vc110.pdb' was not found with 'jvxTRs232_static.lib(CjvxRs232.cpp.obj)' or at 'H:\standalone\build-host\jvxMyHost\Debug\vc110.pdb'; linking object as if no debug info
     1>jvxAuTAsio_static.lib(componentEntry.cpp.obj) : warning LNK4099: PDB 'vc110.pdb' was not found with 'jvxAuTAsio_static.lib(componentEntry.cpp.obj)' or at 'H:\standalone\build-host\jvxMyHost\Debug\vc110.pdb'; linking object as if no debug info
     1>jvxAuTAsio_static.lib(CjvxAudioAsioTechnology.cpp.obj) : warning LNK4099: PDB 'vc110.pdb' was not found with 'jvxAuTAsio_static.lib(CjvxAudioAsioTechnology.cpp.obj)' or at 'H:\standalone\build-host\jvxMyHost\Debug\vc110.pdb'; linking object as if no debug info
     1>jvxAuTAsio_static.lib(CjvxAudioAsioDevice.cpp.obj) : warning LNK4099: PDB 'vc110.pdb' was not found with 'jvxAuTAsio_static.lib(CjvxAudioAsioDevice.cpp.obj)' or at 'H:\standalone\build-host\jvxMyHost\Debug\vc110.pdb'; linking object as if no debug info
     1>jvxTThreadController_static.lib(componentEntry.cpp.obj) : warning LNK4099: PDB 'vc110.pdb' was not found with 'jvxTThreadController_static.lib(componentEntry.cpp.obj)' or at 'H:\standalone\build-host\jvxMyHost\Debug\vc110.pdb'; linking object as if no debug info
     1>jvxTThreadController_static.lib(CjvxThreadController.cpp.obj) : warning LNK4099: PDB 'vc110.pdb' was not found with 'jvxTThreadController_static.lib(CjvxThreadController.cpp.obj)' or at 'H:\standalone\build-host\jvxMyHost\Debug\vc110.pdb'; linking object as if no debug info
         jvxMyHost.vcxproj -> H:\standalone\build-host\jvxMyHost\Debug\jvxMyHost.exe
     1>Done Building Project "H:\standalone\build-host\jvxMyHost\jvxMyHost.vcxproj" (Rebuild target(s)).

Build succeeded.

Time Elapsed 00:00:32.74
