H:\STANDALONE\BUILD-HOST\JVXMYHOST\DEBUG\JVXMYHOST.ILK
H:\STANDALONE\BUILD-HOST\JVXMYHOST\DEBUG\JVXMYHOST.EXE
H:\STANDALONE\BUILD-HOST\JVXMYHOST\DEBUG\JVXMYHOST.PDB
H:\STANDALONE\BUILD-HOST\JVXMYHOST\JVXMYHOST.DIR\DEBUG\JVXMYHOST_AUTOMOC.OBJ
H:\STANDALONE\BUILD-HOST\JVXMYHOST\JVXMYHOST.DIR\DEBUG\QRC_JVXMYNEWHOST.OBJ
H:\STANDALONE\BUILD-HOST\JVXMYHOST\JVXMYHOST.DIR\DEBUG\MYCENTRALWIDGET.OBJ
H:\STANDALONE\BUILD-HOST\JVXMYHOST\JVXMYHOST.DIR\DEBUG\JVXAUDIOHOST_HOOKS.OBJ
H:\STANDALONE\BUILD-HOST\JVXMYHOST\JVXMYHOST.DIR\DEBUG\MAINCENTRAL.OBJ
H:\STANDALONE\BUILD-HOST\JVXMYHOST\JVXMYHOST.DIR\DEBUG\VC110.PDB
H:\STANDALONE\BUILD-HOST\JVXMYHOST\CMAKEFILES\GENERATE.STAMP
H:\STANDALONE\BUILD-HOST\JVXMYHOST\QRC_JVXMYNEWHOST.CPP
H:\STANDALONE\BUILD-HOST\JVXMYHOST\UI_MYMAINWIDGET.H
H:\standalone\build-host\jvxMyHost\jvxMyHost.dir\Debug\qrc_jvxMyNewHost.obj
H:\standalone\build-host\jvxMyHost\jvxMyHost.dir\Debug\mainCentral.obj
H:\standalone\build-host\jvxMyHost\jvxMyHost.dir\Debug\jvxAudioHost_hooks.obj
H:\standalone\build-host\jvxMyHost\jvxMyHost.dir\Debug\myCentralWidget.obj
H:\standalone\build-host\jvxMyHost\jvxMyHost.dir\Debug\jvxMyHost_automoc.obj
H:\standalone\build-host\jvxMyHost\jvxMyHost.dir\Debug\link-cvtres.write.1.tlog
H:\standalone\build-host\jvxMyHost\jvxMyHost.dir\Debug\custombuild.command.1.tlog
H:\standalone\build-host\jvxMyHost\jvxMyHost.dir\Debug\link.command.1.tlog
H:\standalone\build-host\jvxMyHost\jvxMyHost.dir\Debug\link.read.2.tlog
H:\standalone\build-host\jvxMyHost\jvxMyHost.dir\Debug\cl.command.1.tlog
H:\standalone\build-host\jvxMyHost\jvxMyHost.dir\Debug\link-rc.read.1.tlog
H:\standalone\build-host\jvxMyHost\jvxMyHost.dir\Debug\custombuild.read.1.tlog
H:\standalone\build-host\jvxMyHost\jvxMyHost.dir\Debug\link-cvtres.read.1.tlog
H:\standalone\build-host\jvxMyHost\jvxMyHost.dir\Debug\link.write.1.tlog
H:\standalone\build-host\jvxMyHost\jvxMyHost.dir\Debug\CL.write.1.tlog
H:\standalone\build-host\jvxMyHost\jvxMyHost.dir\Debug\custombuild.write.1.tlog
H:\standalone\build-host\jvxMyHost\jvxMyHost.dir\Debug\link.read.1.tlog
H:\standalone\build-host\jvxMyHost\jvxMyHost.dir\Debug\CL.read.1.tlog
H:\standalone\build-host\jvxMyHost\jvxMyHost.dir\Debug\link-rc.write.1.tlog
H:\standalone\build-host\jvxMyHost\jvxMyHost.dir\Debug\vc110.pdb
H:\standalone\build-host\jvxMyHost\Debug\jvxMyHost.pdb
H:\standalone\build-host\jvxMyHost\Debug\jvxMyHost.exe
H:\standalone\build-host\jvxMyHost\Debug\jvxMyHost.ilk
