Build started 12.05.2016 13:24:51.
     1>Project "H:\standalone\build-algo\INSTALL.vcxproj" on node 3 (Build target(s)).
     1>PostBuildEvent:
         setlocal
         "C:\Program Files (x86)\cmake\bin\cmake.exe" -DBUILD_TYPE=Debug -P cmake_install.cmake
         if %errorlevel% neq 0 goto :cmEnd
         :cmEnd
         endlocal & call :cmErrorLevel %errorlevel% & goto :cmDone
         :cmErrorLevel
         exit /b %1
         :cmDone
         if %errorlevel% neq 0 goto :VCEnd
         :VCEnd
         -- Install configuration: "Debug"
         Jvx Property M-file-Code Generator, developed by Javox Solutions GmbH, 2015
         
         -->H:/standalone/build-algo/jvxAuNMyAlgorithm/m-files/+jvxAuNMyAlgorithm
         
         Jvx Property M-file-Code Generator, developed by Javox Solutions GmbH, 2015
         
         -->H:/standalone/build-algo/jvxAuNMyAlgorithm/m-files/+jvxAuNMyAlgorithm
         
         -- Up-to-date: H:/standalone/env-dbg/runtime/matlab/m-files/audioProperties/+jvxAuNMyAlgorithm
         -- Installing: H:/standalone/env-dbg/runtime/matlab/m-files/audioProperties/+jvxAuNMyAlgorithm/set_audio_property_node_ANGLE.m
         -- Installing: H:/standalone/env-dbg/runtime/matlab/m-files/audioProperties/+jvxAuNMyAlgorithm/get_audio_property_node_buffersize.m
         -- Installing: H:/standalone/env-dbg/runtime/matlab/m-files/audioProperties/+jvxAuNMyAlgorithm/get_audio_property_node_format.m
         -- Installing: H:/standalone/env-dbg/runtime/matlab/m-files/audioProperties/+jvxAuNMyAlgorithm/set_audio_property_node_numberoutputchannels.m
         -- Installing: H:/standalone/env-dbg/runtime/matlab/m-files/audioProperties/+jvxAuNMyAlgorithm/get_audio_property_node_numberinputchannels.m
         -- Installing: H:/standalone/env-dbg/runtime/matlab/m-files/audioProperties/+jvxAuNMyAlgorithm/get_audio_property_node_ANGLE.m
         -- Installing: H:/standalone/env-dbg/runtime/matlab/m-files/audioProperties/+jvxAuNMyAlgorithm/set_audio_property_node_numberinputchannels.m
         -- Installing: H:/standalone/env-dbg/runtime/matlab/m-files/audioProperties/+jvxAuNMyAlgorithm/get_audio_property_node_engage.m
         -- Installing: H:/standalone/env-dbg/runtime/matlab/m-files/audioProperties/+jvxAuNMyAlgorithm/set_audio_property_node_volume.m
         -- Installing: H:/standalone/env-dbg/runtime/matlab/m-files/audioProperties/+jvxAuNMyAlgorithm/get_audio_property_node_volume.m
         -- Installing: H:/standalone/env-dbg/runtime/matlab/m-files/audioProperties/+jvxAuNMyAlgorithm/set_audio_property_node_CFAC.m
         -- Installing: H:/standalone/env-dbg/runtime/matlab/m-files/audioProperties/+jvxAuNMyAlgorithm/get_audio_property_node_numberoutputchannels.m
         -- Installing: H:/standalone/env-dbg/runtime/matlab/m-files/audioProperties/+jvxAuNMyAlgorithm/get_audio_property_node_CFAC.m
         -- Installing: H:/standalone/env-dbg/runtime/matlab/m-files/audioProperties/+jvxAuNMyAlgorithm/set_audio_property_node_format.m
         -- Installing: H:/standalone/env-dbg/runtime/matlab/m-files/audioProperties/+jvxAuNMyAlgorithm/get_audio_property_node_samplerate.m
         -- Installing: H:/standalone/env-dbg/runtime/matlab/m-files/audioProperties/+jvxAuNMyAlgorithm/set_audio_property_node_samplerate.m
         -- Installing: H:/standalone/env-dbg/runtime/matlab/m-files/audioProperties/+jvxAuNMyAlgorithm/set_audio_property_node_engage.m
         -- Installing: H:/standalone/env-dbg/runtime/matlab/m-files/audioProperties/+jvxAuNMyAlgorithm/set_audio_property_node_buffersize.m
         -- Up-to-date: H:/standalone/env-dbg/sdk/lib/jvxComponents-static/jvxAuNMyAlgorithm_static.lib
         -- Up-to-date: H:/standalone/env-dbg/sdk/include/jvxComponents-static/jvxAuNMyAlgorithm.h
         -- Up-to-date: H:/standalone/env-dbg/runtime/jvxComponents/jvxAuNMyAlgorithm.dll
         -- Up-to-date: H:/standalone/env-dbg/sdk
         -- Up-to-date: H:/standalone/env-dbg/sdk/config-myalgo.jvx
         -- Up-to-date: H:/standalone/env-dbg/runtime/matlab/m-files/subprojects-audionode/+jvxAuNMyAlgorithm
         -- Up-to-date: H:/standalone/env-dbg/runtime/matlab/m-files/subprojects-audionode/+jvxAuNMyAlgorithm/jvx_term_callback.m
         -- Up-to-date: H:/standalone/env-dbg/runtime/matlab/m-files/subprojects-audionode/+jvxAuNMyAlgorithm/jvx_stop_callback.m
         -- Up-to-date: H:/standalone/env-dbg/runtime/matlab/m-files/subprojects-audionode/+jvxAuNMyAlgorithm/jvx_start_callback.m
         -- Up-to-date: H:/standalone/env-dbg/runtime/matlab/m-files/subprojects-audionode/+jvxAuNMyAlgorithm
         -- Up-to-date: H:/standalone/env-dbg/runtime/matlab/m-files/subprojects-audionode/+jvxAuNMyAlgorithm/jvxBeforeProcessOffline.m
         -- Up-to-date: H:/standalone/env-dbg/runtime/matlab/m-files/subprojects-audionode/+jvxAuNMyAlgorithm/jvxProcessOffline.m
         -- Up-to-date: H:/standalone/env-dbg/runtime/matlab/m-files/subprojects-audionode/+jvxAuNMyAlgorithm/jvxStartOffline.m
         -- Up-to-date: H:/standalone/env-dbg/runtime/matlab/m-files/subprojects-audionode/+jvxAuNMyAlgorithm/jvxStopOffline.m
         -- Up-to-date: H:/standalone/env-dbg/runtime/matlab/m-files/subprojects-audionode/+jvxAuNMyAlgorithm/jvx_init_callback.m
     1>Done Building Project "H:\standalone\build-algo\INSTALL.vcxproj" (Build target(s)).

Build succeeded.

Time Elapsed 00:00:03.26
